#
# There is insufficient memory for the Java Runtime Environment to continue.
# Native memory allocation (malloc) failed to allocate 32744 bytes for ChunkPool::allocate
# Possible reasons:
#   The system is out of physical RAM or swap space
#   In 32 bit mode, the process size limit was hit
# Possible solutions:
#   Reduce memory load on the system
#   Increase physical memory or swap space
#   Check if swap backing store is full
#   Use 64 bit Java on a 64 bit OS
#   Decrease Java heap size (-Xmx/-Xms)
#   Decrease number of Java threads
#   Decrease Java thread stack sizes (-Xss)
#   Set larger code cache with -XX:ReservedCodeCacheSize=
# This output file may be truncated or incomplete.
#
#  Out of Memory Error (allocation.cpp:273), pid=88852, tid=0x00000000000159d8
#
# JRE version: Java(TM) SE Runtime Environment (8.0_111-b14) (build 1.8.0_111-b14)
# Java VM: Java HotSpot(TM) 64-Bit Server VM (25.111-b14 mixed mode windows-amd64 compressed oops)
# Failed to write core dump. Minidumps are not enabled by default on client versions of Windows
#

---------------  T H R E A D  ---------------

Current thread (0x0000000054b64000):  JavaThread "C2 CompilerThread0" daemon [_thread_in_native, id=88536, stack(0x0000000055dc0000,0x0000000055ec0000)]

Stack: [0x0000000055dc0000,0x0000000055ec0000]
[error occurred during error reporting (printing stack bounds), id 0xc0000005]

Native frames: (J=compiled Java code, j=interpreted, Vv=VM code, C=native code)


Current CompileTask:
C2: 481119 4845       4       javax.swing.GroupLayout$ComponentSpring::calculatePreferredSize (45 bytes)


---------------  P R O C E S S  ---------------

Java Threads: ( => current thread )
  0x00000000576bf000 JavaThread "D3D Screen Updater" daemon [_thread_blocked, id=95368, stack(0x000000005b480000,0x000000005b580000)]
  0x000000005a617000 JavaThread "Abandoned connection cleanup thread" daemon [_thread_blocked, id=95340, stack(0x000000005b0b0000,0x000000005b1b0000)]
  0x0000000057655800 JavaThread "TimerQueue" daemon [_thread_in_Java, id=95268, stack(0x0000000059330000,0x0000000059430000)]
  0x000000000223d800 JavaThread "DestroyJavaVM" [_thread_blocked, id=89664, stack(0x0000000002370000,0x0000000002470000)]
  0x000000005647d000 JavaThread "AWT-EventQueue-0" [_thread_blocked, id=95248, stack(0x0000000057b10000,0x0000000057c10000)]
  0x0000000056465800 JavaThread "AWT-Windows" daemon [_thread_in_native, id=95244, stack(0x00000000567f0000,0x00000000568f0000)]
  0x0000000056463000 JavaThread "AWT-Shutdown" [_thread_blocked, id=95240, stack(0x00000000558f0000,0x00000000559f0000)]
  0x000000005645d800 JavaThread "Java2D Disposer" daemon [_thread_blocked, id=95236, stack(0x0000000056480000,0x0000000056580000)]
  0x0000000054bcf000 JavaThread "Service Thread" daemon [_thread_blocked, id=93856, stack(0x0000000056590000,0x0000000056690000)]
  0x0000000054bbc800 JavaThread "C1 CompilerThread1" daemon [_thread_blocked, id=90692, stack(0x0000000055f80000,0x0000000056080000)]
=>0x0000000054b64000 JavaThread "C2 CompilerThread0" daemon [_thread_in_native, id=88536, stack(0x0000000055dc0000,0x0000000055ec0000)]
  0x0000000054b60800 JavaThread "Attach Listener" daemon [_thread_blocked, id=88660, stack(0x0000000055be0000,0x0000000055ce0000)]
  0x0000000054b5f800 JavaThread "Signal Dispatcher" daemon [_thread_blocked, id=88616, stack(0x0000000055680000,0x0000000055780000)]
  0x0000000054b4e000 JavaThread "Finalizer" daemon [_thread_blocked, id=88748, stack(0x0000000055a60000,0x0000000055b60000)]
  0x0000000054b04800 JavaThread "Reference Handler" daemon [_thread_blocked, id=88624, stack(0x0000000055790000,0x0000000055890000)]

Other Threads:
  0x0000000054afc800 VMThread [stack: 0x0000000055580000,0x0000000055680000] [id=88604]
  0x000000005609b800 WatcherThread [stack: 0x00000000566f0000,0x00000000567f0000] [id=60092]

VM state:not at safepoint (normal execution)

VM Mutex/Monitor currently owned by a thread: None

Heap:
 PSYoungGen      total 309248K, used 123260K [0x00000000eae00000, 0x00000000ff480000, 0x0000000100000000)
  eden space 308736K, 39% used [0x00000000eae00000,0x00000000f264f088,0x00000000fdb80000)
  from space 512K, 12% used [0x00000000ff400000,0x00000000ff410000,0x00000000ff480000)
  to   space 512K, 0% used [0x00000000ff380000,0x00000000ff380000,0x00000000ff400000)
 ParOldGen       total 63488K, used 27379K [0x00000000c0a00000, 0x00000000c4800000, 0x00000000eae00000)
  object space 63488K, 43% used [0x00000000c0a00000,0x00000000c24bcc18,0x00000000c4800000)
 Metaspace       used 20376K, capacity 20618K, committed 20992K, reserved 1067008K
  class space    used 2455K, capacity 2549K, committed 2560K, reserved 1048576K

Card table byte_map: [0x0000000011b00000,0x0000000011d00000] byte_map_base: 0x00000000114fb000

Marking Bits: (ParMarkBitMap*) 0x0000000070f7a6c0
 Begin Bits: [0x0000000012020000, 0x0000000012ff8000)
 End Bits:   [0x0000000012ff8000, 0x0000000013fd0000)

Polling page: 0x0000000000630000

CodeCache: size=245760Kb used=12975Kb max_used=13083Kb free=232784Kb
 bounds [0x0000000002740000, 0x0000000003430000, 0x0000000011740000]
 total_blobs=4406 nmethods=3809 adapters=508
 compilation: enabled

Compilation events (10 events):
Event: 405.776 Thread 0x0000000054b64000 nmethod 4840 0x0000000003006850 code [0x00000000030069c0, 0x0000000003007088]
Event: 433.770 Thread 0x0000000054b64000 4841       4       java.util.HashMap$ValueIterator::next (8 bytes)
Event: 433.773 Thread 0x0000000054b64000 nmethod 4841 0x0000000002a80750 code [0x0000000002a808a0, 0x0000000002a80a78]
Event: 444.769 Thread 0x0000000054b64000 4842       4       sun.awt.image.SunVolatileImage::createGraphics (27 bytes)
Event: 444.772 Thread 0x0000000054b64000 nmethod 4842 0x0000000002a98190 code [0x0000000002a98300, 0x0000000002a98548]
Event: 455.768 Thread 0x0000000054b64000 4843       4       javax.swing.plaf.synth.SynthBorder::getBorderInsets (409 bytes)
Event: 455.784 Thread 0x0000000054b64000 nmethod 4843 0x0000000002873990 code [0x0000000002873b80, 0x0000000002874750]
Event: 475.805 Thread 0x0000000054b64000 4844       4       javax.swing.GroupLayout$SequentialGroup::setValidSizeNotPreferred (371 bytes)
Event: 475.827 Thread 0x0000000054b64000 nmethod 4844 0x0000000002ac4e90 code [0x0000000002ac5080, 0x0000000002ac64e8]
Event: 480.766 Thread 0x0000000054b64000 4845       4       javax.swing.GroupLayout$ComponentSpring::calculatePreferredSize (45 bytes)

GC Heap History (10 events):
Event: 473.948 GC heap before
{Heap before GC invocations=1471 (full 1):
 PSYoungGen      total 228864K, used 228384K [0x00000000eae00000, 0x00000000ff480000, 0x0000000100000000)
  eden space 228352K, 100% used [0x00000000eae00000,0x00000000f8d00000,0x00000000f8d00000)
  from space 512K, 6% used [0x00000000ff380000,0x00000000ff388000,0x00000000ff400000)
  to   space 512K, 0% used [0x00000000ff400000,0x00000000ff400000,0x00000000ff480000)
 ParOldGen       total 63488K, used 27379K [0x00000000c0a00000, 0x00000000c4800000, 0x00000000eae00000)
  object space 63488K, 43% used [0x00000000c0a00000,0x00000000c24bcc18,0x00000000c4800000)
 Metaspace       used 20376K, capacity 20618K, committed 20992K, reserved 1067008K
  class space    used 2455K, capacity 2549K, committed 2560K, reserved 1048576K
Event: 473.948 GC heap after
Heap after GC invocations=1471 (full 1):
 PSYoungGen      total 218624K, used 64K [0x00000000eae00000, 0x00000000ff480000, 0x0000000100000000)
  eden space 218112K, 0% used [0x00000000eae00000,0x00000000eae00000,0x00000000f8300000)
  from space 512K, 12% used [0x00000000ff400000,0x00000000ff410000,0x00000000ff480000)
  to   space 512K, 0% used [0x00000000ff380000,0x00000000ff380000,0x00000000ff400000)
 ParOldGen       total 63488K, used 27379K [0x00000000c0a00000, 0x00000000c4800000, 0x00000000eae00000)
  object space 63488K, 43% used [0x00000000c0a00000,0x00000000c24bcc18,0x00000000c4800000)
 Metaspace       used 20376K, capacity 20618K, committed 20992K, reserved 1067008K
  class space    used 2455K, capacity 2549K, committed 2560K, reserved 1048576K
}
Event: 475.077 GC heap before
{Heap before GC invocations=1472 (full 1):
 PSYoungGen      total 218624K, used 218176K [0x00000000eae00000, 0x00000000ff480000, 0x0000000100000000)
  eden space 218112K, 100% used [0x00000000eae00000,0x00000000f8300000,0x00000000f8300000)
  from space 512K, 12% used [0x00000000ff400000,0x00000000ff410000,0x00000000ff480000)
  to   space 512K, 0% used [0x00000000ff380000,0x00000000ff380000,0x00000000ff400000)
 ParOldGen       total 63488K, used 27379K [0x00000000c0a00000, 0x00000000c4800000, 0x00000000eae00000)
  object space 63488K, 43% used [0x00000000c0a00000,0x00000000c24bcc18,0x00000000c4800000)
 Metaspace       used 20376K, capacity 20618K, committed 20992K, reserved 1067008K
  class space    used 2455K, capacity 2549K, committed 2560K, reserved 1048576K
Event: 475.160 GC heap after
Heap after GC invocations=1472 (full 1):
 PSYoungGen      total 244736K, used 32K [0x00000000eae00000, 0x00000000ff480000, 0x0000000100000000)
  eden space 244224K, 0% used [0x00000000eae00000,0x00000000eae00000,0x00000000f9c80000)
  from space 512K, 6% used [0x00000000ff380000,0x00000000ff388000,0x00000000ff400000)
  to   space 512K, 0% used [0x00000000ff400000,0x00000000ff400000,0x00000000ff480000)
 ParOldGen       total 63488K, used 27379K [0x00000000c0a00000, 0x00000000c4800000, 0x00000000eae00000)
  object space 63488K, 43% used [0x00000000c0a00000,0x00000000c24bcc18,0x00000000c4800000)
 Metaspace       used 20376K, capacity 20618K, committed 20992K, reserved 1067008K
  class space    used 2455K, capacity 2549K, committed 2560K, reserved 1048576K
}
Event: 476.759 GC heap before
{Heap before GC invocations=1473 (full 1):
 PSYoungGen      total 244736K, used 244256K [0x00000000eae00000, 0x00000000ff480000, 0x0000000100000000)
  eden space 244224K, 100% used [0x00000000eae00000,0x00000000f9c80000,0x00000000f9c80000)
  from space 512K, 6% used [0x00000000ff380000,0x00000000ff388000,0x00000000ff400000)
  to   space 512K, 0% used [0x00000000ff400000,0x00000000ff400000,0x00000000ff480000)
 ParOldGen       total 63488K, used 27379K [0x00000000c0a00000, 0x00000000c4800000, 0x00000000eae00000)
  object space 63488K, 43% used [0x00000000c0a00000,0x00000000c24bcc18,0x00000000c4800000)
 Metaspace       used 20376K, capacity 20618K, committed 20992K, reserved 1067008K
  class space    used 2455K, capacity 2549K, committed 2560K, reserved 1048576K
Event: 476.837 GC heap after
Heap after GC invocations=1473 (full 1):
 PSYoungGen      total 276480K, used 32K [0x00000000eae00000, 0x00000000ff480000, 0x0000000100000000)
  eden space 275968K, 0% used [0x00000000eae00000,0x00000000eae00000,0x00000000fbb80000)
  from space 512K, 6% used [0x00000000ff400000,0x00000000ff408000,0x00000000ff480000)
  to   space 512K, 0% used [0x00000000ff380000,0x00000000ff380000,0x00000000ff400000)
 ParOldGen       total 63488K, used 27379K [0x00000000c0a00000, 0x00000000c4800000, 0x00000000eae00000)
  object space 63488K, 43% used [0x00000000c0a00000,0x00000000c24bcc18,0x00000000c4800000)
 Metaspace       used 20376K, capacity 20618K, committed 20992K, reserved 1067008K
  class space    used 2455K, capacity 2549K, committed 2560K, reserved 1048576K
}
Event: 478.779 GC heap before
{Heap before GC invocations=1474 (full 1):
 PSYoungGen      total 276480K, used 276000K [0x00000000eae00000, 0x00000000ff480000, 0x0000000100000000)
  eden space 275968K, 100% used [0x00000000eae00000,0x00000000fbb80000,0x00000000fbb80000)
  from space 512K, 6% used [0x00000000ff400000,0x00000000ff408000,0x00000000ff480000)
  to   space 512K, 0% used [0x00000000ff380000,0x00000000ff380000,0x00000000ff400000)
 ParOldGen       total 63488K, used 27379K [0x00000000c0a00000, 0x00000000c4800000, 0x00000000eae00000)
  object space 63488K, 43% used [0x00000000c0a00000,0x00000000c24bcc18,0x00000000c4800000)
 Metaspace       used 20376K, capacity 20618K, committed 20992K, reserved 1067008K
  class space    used 2455K, capacity 2549K, committed 2560K, reserved 1048576K
Event: 478.788 GC heap after
Heap after GC invocations=1474 (full 1):
 PSYoungGen      total 309248K, used 64K [0x00000000eae00000, 0x00000000ff480000, 0x0000000100000000)
  eden space 308736K, 0% used [0x00000000eae00000,0x00000000eae00000,0x00000000fdb80000)
  from space 512K, 12% used [0x00000000ff380000,0x00000000ff390000,0x00000000ff400000)
  to   space 512K, 0% used [0x00000000ff400000,0x00000000ff400000,0x00000000ff480000)
 ParOldGen       total 63488K, used 27379K [0x00000000c0a00000, 0x00000000c4800000, 0x00000000eae00000)
  object space 63488K, 43% used [0x00000000c0a00000,0x00000000c24bcc18,0x00000000c4800000)
 Metaspace       used 20376K, capacity 20618K, committed 20992K, reserved 1067008K
  class space    used 2455K, capacity 2549K, committed 2560K, reserved 1048576K
}
Event: 480.523 GC heap before
{Heap before GC invocations=1475 (full 1):
 PSYoungGen      total 309248K, used 308800K [0x00000000eae00000, 0x00000000ff480000, 0x0000000100000000)
  eden space 308736K, 100% used [0x00000000eae00000,0x00000000fdb80000,0x00000000fdb80000)
  from space 512K, 12% used [0x00000000ff380000,0x00000000ff390000,0x00000000ff400000)
  to   space 512K, 0% used [0x00000000ff400000,0x00000000ff400000,0x00000000ff480000)
 ParOldGen       total 63488K, used 27379K [0x00000000c0a00000, 0x00000000c4800000, 0x00000000eae00000)
  object space 63488K, 43% used [0x00000000c0a00000,0x00000000c24bcc18,0x00000000c4800000)
 Metaspace       used 20376K, capacity 20618K, committed 20992K, reserved 1067008K
  class space    used 2455K, capacity 2549K, committed 2560K, reserved 1048576K
Event: 480.524 GC heap after
Heap after GC invocations=1475 (full 1):
 PSYoungGen      total 309248K, used 64K [0x00000000eae00000, 0x00000000ff480000, 0x0000000100000000)
  eden space 308736K, 0% used [0x00000000eae00000,0x00000000eae00000,0x00000000fdb80000)
  from space 512K, 12% used [0x00000000ff400000,0x00000000ff410000,0x00000000ff480000)
  to   space 512K, 0% used [0x00000000ff380000,0x00000000ff380000,0x00000000ff400000)
 ParOldGen       total 63488K, used 27379K [0x00000000c0a00000, 0x00000000c4800000, 0x00000000eae00000)
  object space 63488K, 43% used [0x00000000c0a00000,0x00000000c24bcc18,0x00000000c4800000)
 Metaspace       used 20376K, capacity 20618K, committed 20992K, reserved 1067008K
  class space    used 2455K, capacity 2549K, committed 2560K, reserved 1048576K
}

Deoptimization events (10 events):
Event: 335.055 Thread 0x000000005647d000 Uncommon trap: reason=class_check action=maybe_recompile pc=0x00000000030c699c method=javax.swing.plaf.BorderUIResource.paintBorder(Ljava/awt/Component;Ljava/awt/Graphics;IIII)V @ 13
Event: 335.057 Thread 0x000000005647d000 Uncommon trap: reason=class_check action=maybe_recompile pc=0x0000000003364590 method=javax.swing.JComponent.setBorder(Ljavax/swing/border/Border;)V @ 40
Event: 335.706 Thread 0x000000005647d000 Uncommon trap: reason=class_check action=maybe_recompile pc=0x0000000003364590 method=javax.swing.JComponent.setBorder(Ljavax/swing/border/Border;)V @ 40
Event: 335.707 Thread 0x000000005647d000 Uncommon trap: reason=class_check action=maybe_recompile pc=0x0000000002dd7d04 method=javax.swing.plaf.BorderUIResource.getBorderInsets(Ljava/awt/Component;)Ljava/awt/Insets; @ 5
Event: 335.707 Thread 0x000000005647d000 Uncommon trap: reason=class_check action=maybe_recompile pc=0x00000000030c699c method=javax.swing.plaf.BorderUIResource.paintBorder(Ljava/awt/Component;Ljava/awt/Graphics;IIII)V @ 13
Event: 335.707 Thread 0x000000005647d000 Uncommon trap: reason=class_check action=maybe_recompile pc=0x0000000003364590 method=javax.swing.JComponent.setBorder(Ljavax/swing/border/Border;)V @ 40
Event: 336.139 Thread 0x000000005647d000 Uncommon trap: reason=class_check action=maybe_recompile pc=0x0000000002dd7d04 method=javax.swing.plaf.BorderUIResource.getBorderInsets(Ljava/awt/Component;)Ljava/awt/Insets; @ 5
Event: 336.139 Thread 0x000000005647d000 Uncommon trap: reason=class_check action=maybe_recompile pc=0x00000000030c699c method=javax.swing.plaf.BorderUIResource.paintBorder(Ljava/awt/Component;Ljava/awt/Graphics;IIII)V @ 13
Event: 336.557 Thread 0x000000005647d000 Uncommon trap: reason=class_check action=maybe_recompile pc=0x0000000002dd7d04 method=javax.swing.plaf.BorderUIResource.getBorderInsets(Ljava/awt/Component;)Ljava/awt/Insets; @ 5
Event: 336.557 Thread 0x000000005647d000 Uncommon trap: reason=class_check action=maybe_recompile pc=0x00000000030c699c method=javax.swing.plaf.BorderUIResource.paintBorder(Ljava/awt/Component;Ljava/awt/Graphics;IIII)V @ 13

Internal exceptions (10 events):
Event: 0.207 Thread 0x000000000223d800 Exception <a 'java/lang/ClassNotFoundException': RootPane> (0x00000000eb1d1d38) thrown at [C:\re\workspace\8-2-build-windows-amd64-cygwin\jdk8u111\7883\hotspot\src\share\vm\classfile\systemDictionary.cpp, line 210]
Event: 2.391 Thread 0x000000005647d000 Implicit null exception at 0x0000000002ceb0ab to 0x0000000002ceb121
Event: 5.198 Thread 0x000000005647d000 Implicit null exception at 0x0000000002c6cea6 to 0x0000000002c70565
Event: 5.222 Thread 0x000000005647d000 Implicit null exception at 0x0000000002fa2ea2 to 0x0000000002fa30a1
Event: 5.297 Thread 0x000000005647d000 Implicit null exception at 0x0000000002f2ae45 to 0x0000000002f2b011
Event: 14.715 Thread 0x000000005647d000 Implicit null exception at 0x000000000300f220 to 0x000000000300f27a
Event: 24.090 Thread 0x000000005647d000 Exception <a 'java/lang/NumberFormatException'> (0x00000000eba19848) thrown at [C:\re\workspace\8-2-build-windows-amd64-cygwin\jdk8u111\7883\hotspot\src\share\vm\prims\jvm.cpp, line 1390]
Event: 24.090 Thread 0x000000005647d000 Exception <a 'java/lang/NumberFormatException'> (0x00000000eba19848) thrown at [C:\re\workspace\8-2-build-windows-amd64-cygwin\jdk8u111\7883\hotspot\src\share\vm\prims\jvm.cpp, line 1390]
Event: 296.359 Thread 0x000000005647d000 Implicit null exception at 0x0000000002f0ac50 to 0x0000000002f0af1d
Event: 296.377 Thread 0x000000005647d000 Implicit null exception at 0x000000000307e673 to 0x000000000307fe89

Events (10 events):
Event: 475.828 Thread 0x0000000054b64000 flushing nmethod 0x0000000002fefb50
Event: 475.828 Thread 0x0000000054b64000 flushing nmethod 0x0000000002ff6390
Event: 475.828 Thread 0x0000000054b64000 flushing nmethod 0x0000000002ffa250
Event: 475.828 Thread 0x0000000054b64000 flushing nmethod 0x0000000003005350
Event: 476.759 Executing VM operation: ParallelGCFailedAllocation
Event: 476.837 Executing VM operation: ParallelGCFailedAllocation done
Event: 478.779 Executing VM operation: ParallelGCFailedAllocation
Event: 478.788 Executing VM operation: ParallelGCFailedAllocation done
Event: 480.523 Executing VM operation: ParallelGCFailedAllocation
Event: 480.524 Executing VM operation: ParallelGCFailedAllocation done


Dynamic libraries:
0x000000013f1c0000 - 0x000000013f1f7000 	C:\Program Files\Java\jdk1.8.0_111\bin\java.exe
0x0000000077870000 - 0x0000000077a19000 	C:\Windows\SYSTEM32\ntdll.dll
0x0000000077650000 - 0x000000007776f000 	C:\Windows\system32\kernel32.dll
0x000007fefd8a0000 - 0x000007fefd90c000 	C:\Windows\system32\KERNELBASE.dll
0x000007fefdea0000 - 0x000007fefdf7b000 	C:\Windows\system32\ADVAPI32.dll
0x000007fefdb60000 - 0x000007fefdbff000 	C:\Windows\system32\msvcrt.dll
0x000007fefdc00000 - 0x000007fefdc1f000 	C:\Windows\SYSTEM32\sechost.dll
0x000007fefdc90000 - 0x000007fefddbd000 	C:\Windows\system32\RPCRT4.dll
0x0000000077770000 - 0x000000007786a000 	C:\Windows\system32\USER32.dll
0x000007fefe280000 - 0x000007fefe2e7000 	C:\Windows\system32\GDI32.dll
0x000007fefe670000 - 0x000007fefe67e000 	C:\Windows\system32\LPK.dll
0x000007fefdfd0000 - 0x000007fefe099000 	C:\Windows\system32\USP10.dll
0x000007fefbef0000 - 0x000007fefc0e4000 	C:\Windows\WinSxS\amd64_microsoft.windows.common-controls_6595b64144ccf1df_6.0.7601.17514_none_fa396087175ac9ac\COMCTL32.dll
0x000007fefdae0000 - 0x000007fefdb51000 	C:\Windows\system32\SHLWAPI.dll
0x000007fefe620000 - 0x000007fefe64e000 	C:\Windows\system32\IMM32.DLL
0x000007fefe930000 - 0x000007fefea39000 	C:\Windows\system32\MSCTF.dll
0x0000000071ac0000 - 0x0000000071b92000 	C:\Program Files\Java\jdk1.8.0_111\jre\bin\msvcr100.dll
0x0000000070760000 - 0x0000000070ffa000 	C:\Program Files\Java\jdk1.8.0_111\jre\bin\server\jvm.dll
0x000007fef41b0000 - 0x000007fef41b9000 	C:\Windows\system32\WSOCK32.dll
0x000007fefdf80000 - 0x000007fefdfcd000 	C:\Windows\system32\WS2_32.dll
0x000007fefdc80000 - 0x000007fefdc88000 	C:\Windows\system32\NSI.dll
0x000007fefb710000 - 0x000007fefb74b000 	C:\Windows\system32\WINMM.dll
0x000007fefc580000 - 0x000007fefc58c000 	C:\Windows\system32\VERSION.dll
0x0000000077a40000 - 0x0000000077a47000 	C:\Windows\system32\PSAPI.DLL
0x0000000073260000 - 0x000000007326f000 	C:\Program Files\Java\jdk1.8.0_111\jre\bin\verify.dll
0x00000000726c0000 - 0x00000000726e9000 	C:\Program Files\Java\jdk1.8.0_111\jre\bin\java.dll
0x0000000072d70000 - 0x0000000072d86000 	C:\Program Files\Java\jdk1.8.0_111\jre\bin\zip.dll
0x000007fefebb0000 - 0x000007feff938000 	C:\Windows\system32\SHELL32.dll
0x000007fefe410000 - 0x000007fefe613000 	C:\Windows\system32\ole32.dll
0x000007fefd680000 - 0x000007fefd68f000 	C:\Windows\system32\profapi.dll
0x00000000705c0000 - 0x0000000070758000 	C:\Program Files\Java\jdk1.8.0_111\jre\bin\awt.dll
0x000007fefddc0000 - 0x000007fefde97000 	C:\Windows\system32\OLEAUT32.dll
0x000007fefb600000 - 0x000007fefb656000 	C:\Windows\system32\uxtheme.dll
0x000007fefc560000 - 0x000007fefc578000 	C:\Windows\system32\dwmapi.dll
0x000007fefd4e0000 - 0x000007fefd4ef000 	C:\Windows\system32\CRYPTBASE.dll
0x0000000072630000 - 0x0000000072677000 	C:\Program Files\Java\jdk1.8.0_111\jre\bin\fontmanager.dll
0x000007fee6010000 - 0x000007fee620f000 	C:\Windows\system32\d3d9.dll
0x000007fef2260000 - 0x000007fef2267000 	C:\Windows\system32\d3d8thk.dll
0x000007fee0410000 - 0x000007fee1501000 	C:\Windows\system32\nvd3dumx.dll
0x000007fefc590000 - 0x000007fefc5bc000 	C:\Windows\system32\powrprof.dll
0x000007fefe0a0000 - 0x000007fefe277000 	C:\Windows\system32\SETUPAPI.dll
0x000007fefd850000 - 0x000007fefd886000 	C:\Windows\system32\CFGMGR32.dll
0x000007fefd830000 - 0x000007fefd84a000 	C:\Windows\system32\DEVOBJ.dll
0x00000000726a0000 - 0x00000000726ba000 	C:\Program Files\Java\jdk1.8.0_111\jre\bin\net.dll
0x000007fefce20000 - 0x000007fefce75000 	C:\Windows\system32\mswsock.dll
0x000007fefce10000 - 0x000007fefce17000 	C:\Windows\System32\wship6.dll
0x0000000072680000 - 0x0000000072691000 	C:\Program Files\Java\jdk1.8.0_111\jre\bin\nio.dll
0x00000000725e0000 - 0x0000000072622000 	C:\Program Files\Java\jdk1.8.0_111\jre\bin\t2k.dll
0x00000000721b0000 - 0x00000000721e1000 	C:\Program Files\Java\jdk1.8.0_111\jre\bin\jpeg.dll
0x000007fefda40000 - 0x000007fefdad9000 	C:\Windows\system32\CLBCatQ.DLL
0x000007fefb140000 - 0x000007fefb2a1000 	C:\Windows\system32\WindowsCodecs.dll
0x000007fefd480000 - 0x000007fefd4d7000 	C:\Windows\system32\apphelp.dll
0x000007fef83c0000 - 0x000007fef83f5000 	C:\Windows\system32\EhStorShell.dll
0x000007fefb7a0000 - 0x000007fefb8cc000 	C:\Windows\system32\PROPSYS.dll
0x000007fef8340000 - 0x000007fef83be000 	C:\Windows\System32\cscui.dll
0x000007fef8330000 - 0x000007fef833c000 	C:\Windows\System32\CSCDLL.dll
0x000007fef8320000 - 0x000007fef832f000 	C:\Windows\system32\CSCAPI.dll
0x000007fef82a0000 - 0x000007fef8320000 	C:\Windows\system32\ntshrui.dll
0x000007fefd110000 - 0x000007fefd133000 	C:\Windows\system32\srvcli.dll
0x000007fefa990000 - 0x000007fefa99b000 	C:\Windows\system32\slc.dll
0x000007fefc680000 - 0x000007fefc687000 	C:\Windows\System32\wshtcpip.dll
0x000007fefcca0000 - 0x000007fefccfb000 	C:\Windows\system32\DNSAPI.dll
0x000007fefab70000 - 0x000007fefab97000 	C:\Windows\system32\IPHLPAPI.DLL
0x000007fefab60000 - 0x000007fefab6b000 	C:\Windows\system32\WINNSI.DLL
0x000007fef3b00000 - 0x000007fef3b08000 	C:\Windows\system32\rasadhlp.dll
0x000007fefa030000 - 0x000007fefa083000 	C:\Windows\System32\fwpuclnt.dll
0x00000000725b0000 - 0x00000000725da000 	C:\Program Files\Java\jdk1.8.0_111\jre\bin\dcpr.dll

VM Arguments:
jvm_args: -Dfile.encoding=UTF-8 
java_command: inventory_casheringsystem.Home
java_class_path (initial): C:\Program Files\NetBeans 8.2\java\modules\ext\AbsoluteLayout.jar;C:\Program Files\NetBeans 8.2\ide\modules\ext\mysql-connector-java-5.1.23-bin.jar;C:\Users\Admin\Desktop\jaf's burger system\jcalendar-1.4.jar;C:\Users\Admin\Desktop\jaf's burger system\build\classes
Launcher Type: SUN_STANDARD

Environment Variables:
PATH=C:\ProgramData\Oracle\Java\javapath;C:\Windows\system32;C:\Windows;C:\Windows\System32\Wbem;C:\Windows\System32\WindowsPowerShell\v1.0\;C:\Program Files (x86)\NVIDIA Corporation\PhysX\Common;C:\Program Files (x86)\Skype\Phone\
USERNAME=Admin
OS=Windows_NT
PROCESSOR_IDENTIFIER=Intel64 Family 6 Model 94 Stepping 3, GenuineIntel



---------------  S Y S T E M  ---------------

OS: Windows 7 , 64 bit Build 7601 (6.1.7601.18409)

CPU:total 2 (2 cores per cpu, 1 threads per core) family 6 model 94 stepping 3, cmov, cx8, fxsr, mmx, sse, sse2, sse3, ssse3, sse4.1, sse4.2, popcnt, aes, clmul, erms, 3dnowpref, lzcnt, tsc, tscinvbit

Memory: 4k page, physical 4149332k(80964k free), swap 6244620k(5096k free)

vm_info: Java HotSpot(TM) 64-Bit Server VM (25.111-b14) for windows-amd64 JRE (1.8.0_111-b14), built on Sep 22 2016 19:24:05 by "java_re" with MS VC++ 10.0 (VS2010)

time: Sun Dec 15 21:45:31 2019
elapsed time: 481 seconds (0d 0h 8m 1s)

